<?xml version="1.0" encoding="UTF-8"?>
<!-- Generated by org.testng.reporters.JUnitXMLReporter -->
<testsuite ignored="0" hostname="mohitgandhi" failures="1" tests="1" name="ThirdTest" time="0.003" errors="0" timestamp="11 Dec 2021 20:32:36 GMT">
  <testcase classname="com.uiFramework.C" name="testLogin" time="0.0">
    <failure type="java.lang.AssertionError" message="expected [true] but found [false]">
      <![CDATA[java.lang.AssertionError: expected [true] but found [false]
at com.uiFramework.C.testLogin(C.java:11)
... Removed 29 stack frames]]>
    </failure>
  </testcase> <!-- testLogin -->
</testsuite> <!-- ThirdTest -->
