<?xml version="1.0" encoding="UTF-8"?>
<!-- Generated by org.testng.reporters.JUnitXMLReporter -->
<testsuite ignored="2" hostname="mohitgandhi" failures="4" tests="8" name="Test" time="0.492" errors="0" timestamp="2022-01-05T19:56:47 IST">
  <testcase classname="com.uiFramework.companyName.projectName.testScript.Test1" name="testLogin" time="0.026"/>
  <testcase classname="com.uiFramework.companyName.projectName.testScript.Test1" name="testLogin1" time="0.002">
    <failure type="java.lang.AssertionError" message="expected [true] but found [false]">
      <![CDATA[java.lang.AssertionError: expected [true] but found [false]
at com.uiFramework.companyName.projectName.helper.assertion.AssertionHelper.makeFalse(AssertionHelper.java:29)
at com.uiFramework.companyName.projectName.testScript.Test1.testLogin1(Test1.java:19)
at java.base/java.util.ArrayList.forEach(ArrayList.java:1511)
... Removed 31 stack frames]]>
    </failure>
  </testcase> <!-- testLogin1 -->
  <testcase classname="com.uiFramework.companyName.projectName.testScript.Test1" name="testLogin2" time="0.001"/>
  <testcase classname="com.uiFramework.companyName.projectName.testScript.Test1" name="testLogin3" time="0.001">
    <failure type="java.lang.AssertionError" message="expected [true] but found [false]">
      <![CDATA[java.lang.AssertionError: expected [true] but found [false]
at com.uiFramework.companyName.projectName.helper.assertion.AssertionHelper.makeFalse(AssertionHelper.java:29)
at com.uiFramework.companyName.projectName.testScript.Test1.testLogin3(Test1.java:31)
at java.base/java.util.ArrayList.forEach(ArrayList.java:1511)
... Removed 31 stack frames]]>
    </failure>
  </testcase> <!-- testLogin3 -->
  <testcase classname="com.uiFramework.companyName.projectName.testScript.Test2" name="testLogin" time="0.002"/>
  <testcase classname="com.uiFramework.companyName.projectName.testScript.Test2" name="testLogin1" time="0.001">
    <failure type="java.lang.AssertionError" message="expected [true] but found [false]">
      <![CDATA[java.lang.AssertionError: expected [true] but found [false]
at com.uiFramework.companyName.projectName.helper.assertion.AssertionHelper.makeFalse(AssertionHelper.java:29)
at com.uiFramework.companyName.projectName.testScript.Test2.testLogin1(Test2.java:19)
at java.base/java.util.ArrayList.forEach(ArrayList.java:1511)
... Removed 31 stack frames]]>
    </failure>
  </testcase> <!-- testLogin1 -->
  <testcase classname="com.uiFramework.companyName.projectName.testScript.Test2" name="testLogin2" time="0.0"/>
  <testcase classname="com.uiFramework.companyName.projectName.testScript.Test2" name="testLogin3" time="0.001">
    <failure type="java.lang.AssertionError" message="expected [true] but found [false]">
      <![CDATA[java.lang.AssertionError: expected [true] but found [false]
at com.uiFramework.companyName.projectName.helper.assertion.AssertionHelper.makeFalse(AssertionHelper.java:29)
at com.uiFramework.companyName.projectName.testScript.Test2.testLogin3(Test2.java:31)
at java.base/java.util.ArrayList.forEach(ArrayList.java:1511)
... Removed 31 stack frames]]>
    </failure>
  </testcase> <!-- testLogin3 -->
  <testcase classname="com.uiFramework.companyName.projectName.testBase.testBase" name="@AfterSuite endCycle" time="0.0">
    <ignored/>
  </testcase> <!-- @AfterSuite endCycle -->
  <testcase classname="com.uiFramework.companyName.projectName.testBase.testBase" name="@BeforeSuite beforeSuite" time="0.0">
    <ignored/>
  </testcase> <!-- @BeforeSuite beforeSuite -->
</testsuite> <!-- Test -->
